# JRE version: Java(TM) SE Runtime Environment (8.0_25-b18) (build 1.8.0_25-b18)
# Java VM: Java HotSpot(TM) 64-Bit Server VM (25.25-b02 mixed mode windows-amd64 compressed oops)
Heap:
 PSYoungGen      total 800768K, used 640922K [0x000000076ab00000, 0x00000007b8780000, 0x00000007c0000000)
  eden space 518144K, 69% used [0x000000076ab00000,0x00000007808e8f40,0x000000078a500000)
  from space 282624K, 99% used [0x000000079f000000,0x00000007b03fd908,0x00000007b0400000)
  to   space 338944K, 0% used [0x000000078a500000,0x000000078a500000,0x000000079f000000)
 ParOldGen       total 809472K, used 507041K [0x00000006c0000000, 0x00000006f1680000, 0x000000076ab00000)
  object space 809472K, 62% used [0x00000006c0000000,0x00000006def28470,0x00000006f1680000)
 Metaspace       used 6451K, capacity 7282K, committed 7552K, reserved 1056768K
  class space    used 608K, capacity 618K, committed 640K, reserved 1048576K
GC Heap History (10 events):
Event: 22.996 GC heap before
{Heap before GC invocations=16 (full 4):
 PSYoungGen      total 616448K, used 164331K [0x000000076ab00000, 0x00000007a7c00000, 0x00000007c0000000)
  eden space 452096K, 0% used [0x000000076ab00000,0x000000076ab00000,0x0000000786480000)
  from space 164352K, 99% used [0x0000000795200000,0x000000079f27ae08,0x000000079f280000)
  to   space 243200K, 0% used [0x0000000786480000,0x0000000786480000,0x0000000795200000)
 ParOldGen       total 532480K, used 450092K [0x00000006c0000000, 0x00000006e0800000, 0x000000076ab00000)
  object space 532480K, 84% used [0x00000006c0000000,0x00000006db78b1d0,0x00000006e0800000)
 Metaspace       used 6426K, capacity 7282K, committed 7552K, reserved 1056768K
  class space    used 608K, capacity 618K, committed 640K, reserved 1048576K
Event: 24.234 GC heap after
Heap after GC invocations=16 (full 4):
 PSYoungGen      total 616448K, used 0K [0x000000076ab00000, 0x00000007a7c00000, 0x00000007c0000000)
  eden space 452096K, 0% used [0x000000076ab00000,0x000000076ab00000,0x0000000786480000)
  from space 164352K, 0% used [0x0000000795200000,0x0000000795200000,0x000000079f280000)
  to   space 243200K, 0% used [0x0000000786480000,0x0000000786480000,0x0000000795200000)
 ParOldGen       total 809472K, used 483697K [0x00000006c0000000, 0x00000006f1680000, 0x000000076ab00000)
  object space 809472K, 59% used [0x00000006c0000000,0x00000006dd85c5f8,0x00000006f1680000)
 Metaspace       used 6426K, capacity 7282K, committed 7552K, reserved 1056768K
  class space    used 608K, capacity 618K, committed 640K, reserved 1048576K
}
Event: 25.632 GC heap before
{Heap before GC invocations=17 (full 4):
 PSYoungGen      total 616448K, used 452096K [0x000000076ab00000, 0x00000007a7c00000, 0x00000007c0000000)
  eden space 452096K, 100% used [0x000000076ab00000,0x0000000786480000,0x0000000786480000)
  from space 164352K, 0% used [0x0000000795200000,0x0000000795200000,0x000000079f280000)
  to   space 243200K, 0% used [0x0000000786480000,0x0000000786480000,0x0000000795200000)
 ParOldGen       total 809472K, used 483697K [0x00000006c0000000, 0x00000006f1680000, 0x000000076ab00000)
  object space 809472K, 59% used [0x00000006c0000000,0x00000006dd85c5f8,0x00000006f1680000)
 Metaspace       used 6430K, capacity 7282K, committed 7552K, reserved 1056768K
  class space    used 608K, capacity 618K, committed 640K, reserved 1048576K
Event: 25.767 GC heap after
Heap after GC invocations=17 (full 4):
 PSYoungGen      total 695296K, used 109766K [0x000000076ab00000, 0x00000007a6280000, 0x00000007c0000000)
  eden space 452096K, 0% used [0x000000076ab00000,0x000000076ab00000,0x0000000786480000)
  from space 243200K, 45% used [0x0000000786480000,0x000000078cfb1b40,0x0000000795200000)
  to   space 237056K, 0% used [0x0000000797b00000,0x0000000797b00000,0x00000007a6280000)
 ParOldGen       total 809472K, used 483697K [0x00000006c0000000, 0x00000006f1680000, 0x000000076ab00000)
  object space 809472K, 59% used [0x00000006c0000000,0x00000006dd85c5f8,0x00000006f1680000)
 Metaspace       used 6430K, capacity 7282K, committed 7552K, reserved 1056768K
  class space    used 608K, capacity 618K, committed 640K, reserved 1048576K
}
Event: 26.957 GC heap before
{Heap before GC invocations=18 (full 4):
 PSYoungGen      total 695296K, used 561862K [0x000000076ab00000, 0x00000007a6280000, 0x00000007c0000000)
  eden space 452096K, 100% used [0x000000076ab00000,0x0000000786480000,0x0000000786480000)
  from space 243200K, 45% used [0x0000000786480000,0x000000078cfb1b40,0x0000000795200000)
  to   space 237056K, 0% used [0x0000000797b00000,0x0000000797b00000,0x00000007a6280000)
 ParOldGen       total 809472K, used 483697K [0x00000006c0000000, 0x00000006f1680000, 0x000000076ab00000)
  object space 809472K, 59% used [0x00000006c0000000,0x00000006dd85c608,0x00000006f1680000)
 Metaspace       used 6446K, capacity 7282K, committed 7552K, reserved 1056768K
  class space    used 608K, capacity 618K, committed 640K, reserved 1048576K
Event: 27.161 GC heap after
Heap after GC invocations=18 (full 4):
 PSYoungGen      total 727040K, used 153449K [0x000000076ab00000, 0x00000007a8180000, 0x00000007c0000000)
  eden space 489984K, 0% used [0x000000076ab00000,0x000000076ab00000,0x0000000788980000)
  from space 237056K, 64% used [0x0000000797b00000,0x00000007a10da548,0x00000007a6280000)
  to   space 247296K, 0% used [0x0000000788980000,0x0000000788980000,0x0000000797b00000)
 ParOldGen       total 809472K, used 483705K [0x00000006c0000000, 0x00000006f1680000, 0x000000076ab00000)
  object space 809472K, 59% used [0x00000006c0000000,0x00000006dd85e608,0x00000006f1680000)
 Metaspace       used 6446K, capacity 7282K, committed 7552K, reserved 1056768K
  class space    used 608K, capacity 618K, committed 640K, reserved 1048576K
}
Event: 28.055 GC heap before
{Heap before GC invocations=19 (full 4):
 PSYoungGen      total 727040K, used 643433K [0x000000076ab00000, 0x00000007a8180000, 0x00000007c0000000)
  eden space 489984K, 100% used [0x000000076ab00000,0x0000000788980000,0x0000000788980000)
  from space 237056K, 64% used [0x0000000797b00000,0x00000007a10da548,0x00000007a6280000)
  to   space 247296K, 0% used [0x0000000788980000,0x0000000788980000,0x0000000797b00000)
 ParOldGen       total 809472K, used 483707K [0x00000006c0000000, 0x00000006f1680000, 0x000000076ab00000)
  object space 809472K, 59% used [0x00000006c0000000,0x00000006dd85ed48,0x00000006f1680000)
 Metaspace       used 6447K, capacity 7282K, committed 7552K, reserved 1056768K
  class space    used 608K, capacity 618K, committed 640K, reserved 1048576K
Event: 28.329 GC heap after
Heap after GC invocations=19 (full 4):
 PSYoungGen      total 737280K, used 229938K [0x000000076ab00000, 0x00000007b0400000, 0x00000007c0000000)
  eden space 489984K, 0% used [0x000000076ab00000,0x000000076ab00000,0x0000000788980000)
  from space 247296K, 92% used [0x0000000788980000,0x0000000796a0c928,0x0000000797b00000)
  to   space 282624K, 0% used [0x000000079f000000,0x000000079f000000,0x00000007b0400000)
 ParOldGen       total 809472K, used 483707K [0x00000006c0000000, 0x00000006f1680000, 0x000000076ab00000)
  object space 809472K, 59% used [0x00000006c0000000,0x00000006dd85ed48,0x00000006f1680000)
 Metaspace       used 6447K, capacity 7282K, committed 7552K, reserved 1056768K
  class space    used 608K, capacity 618K, committed 640K, reserved 1048576K
}
Event: 29.180 GC heap before
{Heap before GC invocations=20 (full 4):
 PSYoungGen      total 737280K, used 719922K [0x000000076ab00000, 0x00000007b0400000, 0x00000007c0000000)
  eden space 489984K, 100% used [0x000000076ab00000,0x0000000788980000,0x0000000788980000)
  from space 247296K, 92% used [0x0000000788980000,0x0000000796a0c928,0x0000000797b00000)
  to   space 282624K, 0% used [0x000000079f000000,0x000000079f000000,0x00000007b0400000)
 ParOldGen       total 809472K, used 483707K [0x00000006c0000000, 0x00000006f1680000, 0x000000076ab00000)
  object space 809472K, 59% used [0x00000006c0000000,0x00000006dd85ed48,0x00000006f1680000)
 Metaspace       used 6450K, capacity 7282K, committed 7552K, reserved 1056768K
  class space    used 608K, capacity 618K, committed 640K, reserved 1048576K
Event: 29.586 GC heap after
Heap after GC invocations=20 (full 4):
 PSYoungGen      total 800768K, used 282614K [0x000000076ab00000, 0x00000007b8780000, 0x00000007c0000000)
  eden space 518144K, 0% used [0x000000076ab00000,0x000000076ab00000,0x000000078a500000)
  from space 282624K, 99% used [0x000000079f000000,0x00000007b03fd908,0x00000007b0400000)
  to   space 338944K, 0% used [0x000000078a500000,0x000000078a500000,0x000000079f000000)
 ParOldGen       total 809472K, used 507041K [0x00000006c0000000, 0x00000006f1680000, 0x000000076ab00000)
  object space 809472K, 62% used [0x00000006c0000000,0x00000006def28470,0x00000006f1680000)
 Metaspace       used 6450K, capacity 7282K, committed 7552K, reserved 1056768K
  class space    used 608K, capacity 618K, committed 640K, reserved 1048576K
}

